<?xml version="1.0" encoding="UTF-8"?>
<testsuite xmlns:xsi="http://www.w3.org/2001/XMLSchema-instance" xsi:noNamespaceSchemaLocation="https://maven.apache.org/surefire/maven-surefire-plugin/xsd/surefire-test-report-3.0.xsd" version="3.0" name="UtilisateurTest" time="0.343" tests="7" errors="0" skipped="0" failures="0">
  <properties>
[...]
</properties>
  <testcase name="insertUtilisateur2" classname="UtilisateurTest" time="0.253">
    <system-out><![CDATA[mysqlconnectortest avant  non c'est ouver
mysqlconnectortest apres  non c'est ouver
]]></system-out>
  </testcase>
  <testcase name="testUtilisateurConstructorAndGetters" classname="UtilisateurTest" time="0.002"/>
  <testcase name="getUtilisateur" classname="UtilisateurTest" time="0.03">
    <system-out><![CDATA[getutilisateur avant  non c'est ouver
getUtilisateur avant est ouvert
getUtilisateur pendant est ouvert
getUtilisateur apres est ouvert
[Utilisateur{idUtilisateur=1, nomUser=Joando, prenomUser=Kevin, motDePasseUser=$2y$10$Gz3X9gsSRpstwIvpjD0Aw.P3dgBmsW0R4OmN5yK6rkGOTyEBzz4le, emailUser=kevinjoando@gmail.com, fonctionUser=Veterinaire, adresseUser=1Bis impasse du chateau, villeUser=Caussade, codePostalUser=82300, telephoneUser=0836656565}, Utilisateur{idUtilisateur=2, nomUser=Joando, prenomUser=Kevin Félix, motDePasseUser=$2y$10$80Mvjt1z8JLfOXnZHqEgoOhaj6zJlreW99IKTFJieOOaaK2gzjpKa, emailUser=kevinjoaqqqndo@gmail.com, fonctionUser=Veterinaire, adresseUser=1Bis impasse du chateau, villeUser=Caussade, codePostalUser=82300, telephoneUser=+336528656}, Utilisateur{idUtilisateur=3, nomUser=dead, prenomUser=bob's, motDePasseUser=$2y$10$mMGpWeOVUSRzuMCGTIKqcuksw35oIKz3TMLbMeU4DDvvV0AHvu18q, emailUser=caca@gmail.com, fonctionUser=Veterinaire, adresseUser=1111 avenue, villeUser=aaaa, codePostalUser=33220, telephoneUser=0652865668}, Utilisateur{idUtilisateur=4, nomUser=dead, prenomUser=bob's, motDePasseUser=$2y$10$gkxIqJ0U8BRtuUaeoOlS1.5FbyliJgGIVmHr1d5lF2ZbGRoRnE2xO, emailUser=caaca@gmail.com, fonctionUser=Veterinaire, adresseUser=1111 avenue, villeUser=aaaa, codePostalUser=33220, telephoneUser=0652865668}, Utilisateur{idUtilisateur=5, nomUser=dead, prenomUser=bob's, motDePasseUser=$2y$10$6oWpmL1EReUXfMYz/iw5z.u6D2If36ixUU8ES4WhmCDHiTxnF4aMq, emailUser=caqaca@gmail.com, fonctionUser=Veterinaire, adresseUser=1111 avenue, villeUser=aaaa, codePostalUser=33220, telephoneUser=0652865668}, Utilisateur{idUtilisateur=6, nomUser=dead, prenomUser=bob's, motDePasseUser=$2y$10$hZWOLFS9TLRyJ7LIUG40KeoQabg4qu302jPlIM3yOKWAT38sHTWQK, emailUser=kevissssnjoando@gmail.com, fonctionUser=Veterinaire, adresseUser=1111 avenue, villeUser=aaaa, codePostalUser=33220, telephoneUser=0652865668}, Utilisateur{idUtilisateur=7, nomUser=dead, prenomUser=bob's, motDePasseUser=$2y$10$M9gzpUv8iEqmoz9WfIm7kOXHHq8530BqlSYmbZGZtW2cZ6EO9vYhu, emailUser=kaaaaadadadadaevinjoando@gmail.com, fonctionUser=Veterinaire, adresseUser=1111 avenue, villeUser=aaaa, codePostalUser=33220, telephoneUser=0652865668}, Utilisateur{idUtilisateur=8, nomUser=dead, prenomUser=bob's, motDePasseUser=$2y$10$9gPBgDtsaGh/h4bN6gmIq.rdOZC2NYydhbRki.DixaeTTwFRz2iEW, emailUser=salut@gmail.com, fonctionUser=Veterinaire, adresseUser=1111 avenue, villeUser=aaaa, codePostalUser=33220, telephoneUser=0652865668}, Utilisateur{idUtilisateur=9, nomUser=Nom, prenomUser=Prenom, motDePasseUser=Motdepasse, emailUser=email@gmail.com, fonctionUser=fonction, adresseUser=adresse, villeUser=ville, codePostalUser=codepostal, telephoneUser=0606060606}, Utilisateur{idUtilisateur=10, nomUser=nomUser, prenomUser=prenomUser, motDePasseUser=motDePasseUser, emailUser=emailUser, fonctionUser=fonctionUser, adresseUser=adresseUser, villeUser=villeUser, codePostalUser=82300, telephoneUser=0606060606}, Utilisateur{idUtilisateur=11, nomUser=nomUser, prenomUser=prenomUser, motDePasseUser=motDePasseUser, emailUser=emailUser, fonctionUser=fonctionUser, adresseUser=adresseUser, villeUser=villeUser, codePostalUser=82300, telephoneUser=0606060606}, Utilisateur{idUtilisateur=12, nomUser=nomUser, prenomUser=prenomUser, motDePasseUser=motDePasseUser, emailUser=emailUser, fonctionUser=fonctionUser, adresseUser=adresseUser, villeUser=villeUser, codePostalUser=82300, telephoneUser=0606060606}, Utilisateur{idUtilisateur=13, nomUser=nomUser, prenomUser=prenomUser, motDePasseUser=motDePasseUser, emailUser=emailUser, fonctionUser=fonctionUser, adresseUser=adresseUser, villeUser=villeUser, codePostalUser=82300, telephoneUser=0606060606}, Utilisateur{idUtilisateur=14, nomUser=nomUser, prenomUser=prenomUser, motDePasseUser=motDePasseUser, emailUser=emailUser, fonctionUser=fonctionUser, adresseUser=adresseUser, villeUser=villeUser, codePostalUser=82300, telephoneUser=0606060606}]
getutilisateur apres  non c'est ouver
]]></system-out>
  </testcase>
  <testcase name="testUtilisateurSetters" classname="UtilisateurTest" time="0.003"/>
  <testcase name="mysqlconnectortest" classname="UtilisateurTest" time="0.003">
    <system-out><![CDATA[mysqlconnectortest avant  non c'est ouver
mysqlconnectortest apres  non c'est ouver
]]></system-out>
  </testcase>
  <testcase name="getUtilisateur2" classname="UtilisateurTest" time="0.006">
    <system-out><![CDATA[getUtilisateur avant est ouvert
getUtilisateur pendant est ouvert
getUtilisateur apres est ouvert
[Utilisateur{idUtilisateur=1, nomUser=Joando, prenomUser=Kevin, motDePasseUser=$2y$10$Gz3X9gsSRpstwIvpjD0Aw.P3dgBmsW0R4OmN5yK6rkGOTyEBzz4le, emailUser=kevinjoando@gmail.com, fonctionUser=Veterinaire, adresseUser=1Bis impasse du chateau, villeUser=Caussade, codePostalUser=82300, telephoneUser=0836656565}, Utilisateur{idUtilisateur=2, nomUser=Joando, prenomUser=Kevin Félix, motDePasseUser=$2y$10$80Mvjt1z8JLfOXnZHqEgoOhaj6zJlreW99IKTFJieOOaaK2gzjpKa, emailUser=kevinjoaqqqndo@gmail.com, fonctionUser=Veterinaire, adresseUser=1Bis impasse du chateau, villeUser=Caussade, codePostalUser=82300, telephoneUser=+336528656}, Utilisateur{idUtilisateur=3, nomUser=dead, prenomUser=bob's, motDePasseUser=$2y$10$mMGpWeOVUSRzuMCGTIKqcuksw35oIKz3TMLbMeU4DDvvV0AHvu18q, emailUser=caca@gmail.com, fonctionUser=Veterinaire, adresseUser=1111 avenue, villeUser=aaaa, codePostalUser=33220, telephoneUser=0652865668}, Utilisateur{idUtilisateur=4, nomUser=dead, prenomUser=bob's, motDePasseUser=$2y$10$gkxIqJ0U8BRtuUaeoOlS1.5FbyliJgGIVmHr1d5lF2ZbGRoRnE2xO, emailUser=caaca@gmail.com, fonctionUser=Veterinaire, adresseUser=1111 avenue, villeUser=aaaa, codePostalUser=33220, telephoneUser=0652865668}, Utilisateur{idUtilisateur=5, nomUser=dead, prenomUser=bob's, motDePasseUser=$2y$10$6oWpmL1EReUXfMYz/iw5z.u6D2If36ixUU8ES4WhmCDHiTxnF4aMq, emailUser=caqaca@gmail.com, fonctionUser=Veterinaire, adresseUser=1111 avenue, villeUser=aaaa, codePostalUser=33220, telephoneUser=0652865668}, Utilisateur{idUtilisateur=6, nomUser=dead, prenomUser=bob's, motDePasseUser=$2y$10$hZWOLFS9TLRyJ7LIUG40KeoQabg4qu302jPlIM3yOKWAT38sHTWQK, emailUser=kevissssnjoando@gmail.com, fonctionUser=Veterinaire, adresseUser=1111 avenue, villeUser=aaaa, codePostalUser=33220, telephoneUser=0652865668}, Utilisateur{idUtilisateur=7, nomUser=dead, prenomUser=bob's, motDePasseUser=$2y$10$M9gzpUv8iEqmoz9WfIm7kOXHHq8530BqlSYmbZGZtW2cZ6EO9vYhu, emailUser=kaaaaadadadadaevinjoando@gmail.com, fonctionUser=Veterinaire, adresseUser=1111 avenue, villeUser=aaaa, codePostalUser=33220, telephoneUser=0652865668}, Utilisateur{idUtilisateur=8, nomUser=dead, prenomUser=bob's, motDePasseUser=$2y$10$9gPBgDtsaGh/h4bN6gmIq.rdOZC2NYydhbRki.DixaeTTwFRz2iEW, emailUser=salut@gmail.com, fonctionUser=Veterinaire, adresseUser=1111 avenue, villeUser=aaaa, codePostalUser=33220, telephoneUser=0652865668}, Utilisateur{idUtilisateur=9, nomUser=Nom, prenomUser=Prenom, motDePasseUser=Motdepasse, emailUser=email@gmail.com, fonctionUser=fonction, adresseUser=adresse, villeUser=ville, codePostalUser=codepostal, telephoneUser=0606060606}, Utilisateur{idUtilisateur=10, nomUser=nomUser, prenomUser=prenomUser, motDePasseUser=motDePasseUser, emailUser=emailUser, fonctionUser=fonctionUser, adresseUser=adresseUser, villeUser=villeUser, codePostalUser=82300, telephoneUser=0606060606}, Utilisateur{idUtilisateur=11, nomUser=nomUser, prenomUser=prenomUser, motDePasseUser=motDePasseUser, emailUser=emailUser, fonctionUser=fonctionUser, adresseUser=adresseUser, villeUser=villeUser, codePostalUser=82300, telephoneUser=0606060606}, Utilisateur{idUtilisateur=12, nomUser=nomUser, prenomUser=prenomUser, motDePasseUser=motDePasseUser, emailUser=emailUser, fonctionUser=fonctionUser, adresseUser=adresseUser, villeUser=villeUser, codePostalUser=82300, telephoneUser=0606060606}, Utilisateur{idUtilisateur=13, nomUser=nomUser, prenomUser=prenomUser, motDePasseUser=motDePasseUser, emailUser=emailUser, fonctionUser=fonctionUser, adresseUser=adresseUser, villeUser=villeUser, codePostalUser=82300, telephoneUser=0606060606}, Utilisateur{idUtilisateur=14, nomUser=nomUser, prenomUser=prenomUser, motDePasseUser=motDePasseUser, emailUser=emailUser, fonctionUser=fonctionUser, adresseUser=adresseUser, villeUser=villeUser, codePostalUser=82300, telephoneUser=0606060606}]
]]></system-out>
  </testcase>
  <testcase name="insertUtilisateur" classname="UtilisateurTest" time="0.009">
    <system-out><![CDATA[mysqlconnectortest avant  non c'est ouver
mysqlconnectortest apres  non c'est ouver
]]></system-out>
  </testcase>
</testsuite>